<?xml version="1.0" encoding="UTF-8"?>
<testsuite name="pl.amw.gdynia.kubernetes.CurrencyRateApplicationTests" tests="1" skipped="0" failures="0" errors="0" timestamp="2022-01-23T15:37:57" hostname="DESKTOP-431HTFU" time="0.109">
  <properties/>
  <testcase name="contextLoads()" classname="pl.amw.gdynia.kubernetes.CurrencyRateApplicationTests" time="0.109"/>
  <system-out><![CDATA[16:37:36.818 [Test worker] DEBUG org.springframework.test.context.BootstrapUtils - Instantiating CacheAwareContextLoaderDelegate from class [org.springframework.test.context.cache.DefaultCacheAwareContextLoaderDelegate]
16:37:36.831 [Test worker] DEBUG org.springframework.test.context.BootstrapUtils - Instantiating BootstrapContext using constructor [public org.springframework.test.context.support.DefaultBootstrapContext(java.lang.Class,org.springframework.test.context.CacheAwareContextLoaderDelegate)]
16:37:36.874 [Test worker] DEBUG org.springframework.test.context.BootstrapUtils - Instantiating TestContextBootstrapper for test class [pl.amw.gdynia.kubernetes.CurrencyRateApplicationTests] from class [org.springframework.boot.test.context.SpringBootTestContextBootstrapper]
16:37:36.888 [Test worker] INFO org.springframework.boot.test.context.SpringBootTestContextBootstrapper - Neither @ContextConfiguration nor @ContextHierarchy found for test class [pl.amw.gdynia.kubernetes.CurrencyRateApplicationTests], using SpringBootContextLoader
16:37:36.892 [Test worker] DEBUG org.springframework.test.context.support.AbstractContextLoader - Did not detect default resource location for test class [pl.amw.gdynia.kubernetes.CurrencyRateApplicationTests]: class path resource [pl/amw/gdynia/kubernetes/CurrencyRateApplicationTests-context.xml] does not exist
16:37:36.893 [Test worker] DEBUG org.springframework.test.context.support.AbstractContextLoader - Did not detect default resource location for test class [pl.amw.gdynia.kubernetes.CurrencyRateApplicationTests]: class path resource [pl/amw/gdynia/kubernetes/CurrencyRateApplicationTestsContext.groovy] does not exist
16:37:36.893 [Test worker] INFO org.springframework.test.context.support.AbstractContextLoader - Could not detect default resource locations for test class [pl.amw.gdynia.kubernetes.CurrencyRateApplicationTests]: no resource found for suffixes {-context.xml, Context.groovy}.
16:37:36.894 [Test worker] INFO org.springframework.test.context.support.AnnotationConfigContextLoaderUtils - Could not detect default configuration classes for test class [pl.amw.gdynia.kubernetes.CurrencyRateApplicationTests]: CurrencyRateApplicationTests does not declare any static, non-private, non-final, nested classes annotated with @Configuration.
16:37:36.946 [Test worker] DEBUG org.springframework.test.context.support.ActiveProfilesUtils - Could not find an 'annotation declaring class' for annotation type [org.springframework.test.context.ActiveProfiles] and class [pl.amw.gdynia.kubernetes.CurrencyRateApplicationTests]
16:37:37.039 [Test worker] DEBUG org.springframework.context.annotation.ClassPathScanningCandidateComponentProvider - Identified candidate component class: file [C:\Users\Michał\Desktop\Klient-serwer\projekt83\Currency-rate\build\classes\java\main\pl\amw\gdynia\kubernetes\CurrencyRateApplication.class]
16:37:37.042 [Test worker] INFO org.springframework.boot.test.context.SpringBootTestContextBootstrapper - Found @SpringBootConfiguration pl.amw.gdynia.kubernetes.CurrencyRateApplication for test class pl.amw.gdynia.kubernetes.CurrencyRateApplicationTests
16:37:37.175 [Test worker] DEBUG org.springframework.boot.test.context.SpringBootTestContextBootstrapper - @TestExecutionListeners is not present for class [pl.amw.gdynia.kubernetes.CurrencyRateApplicationTests]: using defaults.
16:37:37.176 [Test worker] INFO org.springframework.boot.test.context.SpringBootTestContextBootstrapper - Loaded default TestExecutionListener class names from location [META-INF/spring.factories]: [org.springframework.boot.test.autoconfigure.restdocs.RestDocsTestExecutionListener, org.springframework.boot.test.autoconfigure.web.client.MockRestServiceServerResetTestExecutionListener, org.springframework.boot.test.autoconfigure.web.servlet.MockMvcPrintOnlyOnFailureTestExecutionListener, org.springframework.boot.test.autoconfigure.web.servlet.WebDriverTestExecutionListener, org.springframework.boot.test.autoconfigure.webservices.client.MockWebServiceServerTestExecutionListener, org.springframework.boot.test.mock.mockito.MockitoTestExecutionListener, org.springframework.boot.test.mock.mockito.ResetMocksTestExecutionListener, org.springframework.test.context.web.ServletTestExecutionListener, org.springframework.test.context.support.DirtiesContextBeforeModesTestExecutionListener, org.springframework.test.context.event.ApplicationEventsTestExecutionListener, org.springframework.test.context.support.DependencyInjectionTestExecutionListener, org.springframework.test.context.support.DirtiesContextTestExecutionListener, org.springframework.test.context.transaction.TransactionalTestExecutionListener, org.springframework.test.context.jdbc.SqlScriptsTestExecutionListener, org.springframework.test.context.event.EventPublishingTestExecutionListener]
16:37:37.197 [Test worker] INFO org.springframework.boot.test.context.SpringBootTestContextBootstrapper - Using TestExecutionListeners: [org.springframework.test.context.web.ServletTestExecutionListener@6256ec0a, org.springframework.test.context.support.DirtiesContextBeforeModesTestExecutionListener@30b92994, org.springframework.test.context.event.ApplicationEventsTestExecutionListener@5da82a90, org.springframework.boot.test.mock.mockito.MockitoTestExecutionListener@555369ce, org.springframework.boot.test.autoconfigure.SpringBootDependencyInjectionTestExecutionListener@b0f9d2, org.springframework.test.context.support.DirtiesContextTestExecutionListener@793c85d9, org.springframework.test.context.transaction.TransactionalTestExecutionListener@655cdcc4, org.springframework.test.context.jdbc.SqlScriptsTestExecutionListener@2b0fc4b8, org.springframework.test.context.event.EventPublishingTestExecutionListener@2cf6c662, org.springframework.boot.test.autoconfigure.restdocs.RestDocsTestExecutionListener@31799c68, org.springframework.boot.test.autoconfigure.web.client.MockRestServiceServerResetTestExecutionListener@32c0cc7f, org.springframework.boot.test.autoconfigure.web.servlet.MockMvcPrintOnlyOnFailureTestExecutionListener@673ff49b, org.springframework.boot.test.autoconfigure.web.servlet.WebDriverTestExecutionListener@7d60ebc8, org.springframework.boot.test.autoconfigure.webservices.client.MockWebServiceServerTestExecutionListener@87b2d0, org.springframework.boot.test.mock.mockito.ResetMocksTestExecutionListener@3490358b]
16:37:37.202 [Test worker] DEBUG org.springframework.test.context.support.AbstractDirtiesContextTestExecutionListener - Before test class: context [DefaultTestContext@2438e08f testClass = CurrencyRateApplicationTests, testInstance = [null], testMethod = [null], testException = [null], mergedContextConfiguration = [WebMergedContextConfiguration@6769190f testClass = CurrencyRateApplicationTests, locations = '{}', classes = '{class pl.amw.gdynia.kubernetes.CurrencyRateApplication}', contextInitializerClasses = '[]', activeProfiles = '{}', propertySourceLocations = '{}', propertySourceProperties = '{org.springframework.boot.test.context.SpringBootTestContextBootstrapper=true}', contextCustomizers = set[org.springframework.boot.test.autoconfigure.actuate.metrics.MetricsExportContextCustomizerFactory$DisableMetricExportContextCustomizer@5c4965f1, org.springframework.boot.test.autoconfigure.properties.PropertyMappingContextCustomizer@0, org.springframework.boot.test.autoconfigure.web.servlet.WebDriverContextCustomizerFactory$Customizer@374db9b5, org.springframework.boot.test.context.filter.ExcludeFilterContextCustomizer@10e263fb, org.springframework.boot.test.json.DuplicateJsonObjectContextCustomizerFactory$DuplicateJsonObjectContextCustomizer@1396162a, org.springframework.boot.test.mock.mockito.MockitoContextCustomizer@0, org.springframework.boot.test.web.client.TestRestTemplateContextCustomizer@172a944a, org.springframework.boot.test.context.SpringBootTestArgs@1, org.springframework.boot.test.context.SpringBootTestWebEnvironment@61d13029], resourceBasePath = 'src/main/webapp', contextLoader = 'org.springframework.boot.test.context.SpringBootContextLoader', parent = [null]], attributes = map['org.springframework.test.context.web.ServletTestExecutionListener.activateListener' -> true]], class annotated with @DirtiesContext [false] with mode [null].
16:37:37.251 [Test worker] DEBUG org.springframework.test.context.support.TestPropertySourceUtils - Adding inlined properties to environment: {spring.jmx.enabled=false, org.springframework.boot.test.context.SpringBootTestContextBootstrapper=true}

  .   ____          _            __ _ _
 /\\ / ___'_ __ _ _(_)_ __  __ _ \ \ \ \
( ( )\___ | '_ | '_| | '_ \/ _` | \ \ \ \
 \\/  ___)| |_)| | | | | || (_| |  ) ) ) )
  '  |____| .__|_| |_|_| |_\__, | / / / /
 =========|_|==============|___/=/_/_/_/
 :: Spring Boot ::                (v2.4.6)

2022-01-23 16:37:37.586  INFO 21888 --- [    Test worker] p.a.g.k.CurrencyRateApplicationTests     : Starting CurrencyRateApplicationTests using Java 11.0.13 on DESKTOP-431HTFU with PID 21888 (started by Michał in C:\Users\Michał\Desktop\Klient-serwer\projekt83\Currency-rate)
2022-01-23 16:37:37.589  INFO 21888 --- [    Test worker] p.a.g.k.CurrencyRateApplicationTests     : No active profile set, falling back to default profiles: default
2022-01-23 16:37:38.396  INFO 21888 --- [    Test worker] .s.d.r.c.RepositoryConfigurationDelegate : Multiple Spring Data modules found, entering strict repository configuration mode!
2022-01-23 16:37:38.397  INFO 21888 --- [    Test worker] .s.d.r.c.RepositoryConfigurationDelegate : Bootstrapping Spring Data JDBC repositories in DEFAULT mode.
2022-01-23 16:37:38.445  INFO 21888 --- [    Test worker] .RepositoryConfigurationExtensionSupport : Spring Data JDBC - Could not safely identify store assignment for repository candidate interface pl.amw.gdynia.kubernetes.dao.CurrencyRateRepository. If you want this repository to be a JDBC repository, consider annotating your entities with one of these annotations: org.springframework.data.relational.core.mapping.Table.
2022-01-23 16:37:38.446  INFO 21888 --- [    Test worker] .s.d.r.c.RepositoryConfigurationDelegate : Finished Spring Data repository scanning in 41 ms. Found 0 JDBC repository interfaces.
2022-01-23 16:37:38.456  INFO 21888 --- [    Test worker] .s.d.r.c.RepositoryConfigurationDelegate : Multiple Spring Data modules found, entering strict repository configuration mode!
2022-01-23 16:37:38.458  INFO 21888 --- [    Test worker] .s.d.r.c.RepositoryConfigurationDelegate : Bootstrapping Spring Data JPA repositories in DEFAULT mode.
2022-01-23 16:37:38.492  INFO 21888 --- [    Test worker] .s.d.r.c.RepositoryConfigurationDelegate : Finished Spring Data repository scanning in 31 ms. Found 1 JPA repository interfaces.
2022-01-23 16:37:38.832  INFO 21888 --- [    Test worker] trationDelegate$BeanPostProcessorChecker : Bean 'org.springframework.retry.annotation.RetryConfiguration' of type [org.springframework.retry.annotation.RetryConfiguration] is not eligible for getting processed by all BeanPostProcessors (for example: not eligible for auto-proxying)
2022-01-23 16:37:39.178  INFO 21888 --- [    Test worker] o.hibernate.jpa.internal.util.LogHelper  : HHH000204: Processing PersistenceUnitInfo [name: default]
2022-01-23 16:37:39.250  INFO 21888 --- [    Test worker] org.hibernate.Version                    : HHH000412: Hibernate ORM core version 5.4.31.Final
2022-01-23 16:37:39.423  INFO 21888 --- [    Test worker] o.hibernate.annotations.common.Version   : HCANN000001: Hibernate Commons Annotations {5.1.2.Final}
2022-01-23 16:37:39.605  INFO 21888 --- [    Test worker] com.zaxxer.hikari.HikariDataSource       : HikariPool-1 - Starting...
2022-01-23 16:37:40.024  INFO 21888 --- [    Test worker] com.zaxxer.hikari.HikariDataSource       : HikariPool-1 - Start completed.
2022-01-23 16:37:40.065  INFO 21888 --- [    Test worker] org.hibernate.dialect.Dialect            : HHH000400: Using dialect: org.hibernate.dialect.MySQL8Dialect
2022-01-23 16:37:40.845  INFO 21888 --- [    Test worker] o.h.e.t.j.p.i.JtaPlatformInitiator       : HHH000490: Using JtaPlatform implementation: [org.hibernate.engine.transaction.jta.platform.internal.NoJtaPlatform]
2022-01-23 16:37:40.857  INFO 21888 --- [    Test worker] j.LocalContainerEntityManagerFactoryBean : Initialized JPA EntityManagerFactory for persistence unit 'default'
2022-01-23 16:37:40.888  INFO 21888 --- [    Test worker] f.a.AutowiredAnnotationBeanPostProcessor : Autowired annotation is not supported on static fields: private static final org.slf4j.Logger pl.amw.gdynia.kubernetes.ECB.LoadDatabase.log
2022-01-23 16:37:41.591  WARN 21888 --- [    Test worker] JpaBaseConfiguration$JpaWebConfiguration : spring.jpa.open-in-view is enabled by default. Therefore, database queries may be performed during view rendering. Explicitly configure spring.jpa.open-in-view to disable this warning
2022-01-23 16:37:42.367  INFO 21888 --- [    Test worker] p.a.g.k.CurrencyRateApplicationTests     : Started CurrencyRateApplicationTests in 5.107 seconds (JVM running for 7.597)
2022-01-23 16:37:42.683  INFO 21888 --- [    Test worker] p.a.g.k.schedule.CurrencyRateSchedule    : Updating...
2022-01-23 16:37:57.221  INFO 21888 --- [    Test worker] p.a.g.k.schedule.CurrencyRateSchedule    : Nothing to update.
]]></system-out>
  <system-err><![CDATA[]]></system-err>
</testsuite>
